2023-02-12T12:33:06.132-0500	info	ECE461-project/pj.go:153	URL: https://github.com/cloudinary/cloudinary_npm.git
2023-02-12T12:33:06.133-0500	info	ECE461-project/pj.go:96	Getting ramp-up score...
2023-02-12T12:33:11.394-0500	info	ECE461-project/pj.go:98	Completed getting ramp-up score!
2023-02-12T12:33:11.394-0500	info	ECE461-project/pj.go:103	Getting correctness score...
2023-02-12T12:33:11.552-0500	info	ECE461-project/pj.go:105	Completed correctness score!
2023-02-12T12:33:11.552-0500	info	ECE461-project/pj.go:107	Getting responseviness score...
2023-02-12T12:33:11.809-0500	info	ECE461-project/pj.go:109	Completed getting responseviness score!
2023-02-12T12:33:11.809-0500	info	ECE461-project/pj.go:111	Getting bus factor score...
2023-02-12T12:33:12.310-0500	info	ECE461-project/pj.go:113	Completed getting bus factor score!
2023-02-12T12:33:12.310-0500	info	ECE461-project/pj.go:115	Getting license compatibility score...
2023-02-12T12:33:12.384-0500	info	ECE461-project/pj.go:117	Completed getting license compatibility score!
2023-02-12T12:33:12.437-0500	info	ECE461-project/pj.go:143	URL: https://github.com/expressjs/express.git
2023-02-12T12:33:12.437-0500	info	ECE461-project/pj.go:96	Getting ramp-up score...
2023-02-12T12:33:23.224-0500	info	ECE461-project/pj.go:98	Completed getting ramp-up score!
2023-02-12T12:33:23.224-0500	info	ECE461-project/pj.go:103	Getting correctness score...
2023-02-12T12:33:23.303-0500	info	ECE461-project/pj.go:105	Completed correctness score!
2023-02-12T12:33:23.303-0500	info	ECE461-project/pj.go:107	Getting responseviness score...
2023-02-12T12:33:24.178-0500	info	ECE461-project/pj.go:109	Completed getting responseviness score!
2023-02-12T12:33:24.179-0500	info	ECE461-project/pj.go:111	Getting bus factor score...
2023-02-12T12:33:25.310-0500	info	ECE461-project/pj.go:113	Completed getting bus factor score!
2023-02-12T12:33:25.310-0500	info	ECE461-project/pj.go:115	Getting license compatibility score...
2023-02-12T12:33:25.391-0500	info	ECE461-project/pj.go:117	Completed getting license compatibility score!
2023-02-12T12:33:25.391-0500	info	ECE461-project/pj.go:153	URL: https://github.com/nullivex/nodist.git
2023-02-12T12:33:25.391-0500	info	ECE461-project/pj.go:96	Getting ramp-up score...
2023-02-12T12:33:31.350-0500	info	ECE461-project/pj.go:98	Completed getting ramp-up score!
2023-02-12T12:33:31.350-0500	info	ECE461-project/pj.go:103	Getting correctness score...
2023-02-12T12:33:31.442-0500	info	ECE461-project/pj.go:105	Completed correctness score!
2023-02-12T12:33:31.442-0500	info	ECE461-project/pj.go:107	Getting responseviness score...
2023-02-12T12:33:32.121-0500	info	ECE461-project/pj.go:109	Completed getting responseviness score!
2023-02-12T12:33:32.121-0500	info	ECE461-project/pj.go:111	Getting bus factor score...
2023-02-12T12:33:32.441-0500	info	ECE461-project/pj.go:113	Completed getting bus factor score!
2023-02-12T12:33:32.441-0500	info	ECE461-project/pj.go:115	Getting license compatibility score...
2023-02-12T12:33:32.525-0500	info	ECE461-project/pj.go:117	Completed getting license compatibility score!
2023-02-12T12:33:32.525-0500	info	ECE461-project/pj.go:153	URL: https://github.com/lodash/lodash.git
2023-02-12T12:33:32.525-0500	info	ECE461-project/pj.go:96	Getting ramp-up score...
2023-02-12T12:33:50.059-0500	info	ECE461-project/pj.go:98	Completed getting ramp-up score!
2023-02-12T12:33:50.059-0500	info	ECE461-project/pj.go:103	Getting correctness score...
2023-02-12T12:33:50.132-0500	info	ECE461-project/pj.go:105	Completed correctness score!
2023-02-12T12:33:50.132-0500	info	ECE461-project/pj.go:107	Getting responseviness score...
2023-02-12T12:33:51.059-0500	info	ECE461-project/pj.go:109	Completed getting responseviness score!
2023-02-12T12:33:51.059-0500	info	ECE461-project/pj.go:111	Getting bus factor score...
2023-02-12T12:33:52.047-0500	info	ECE461-project/pj.go:113	Completed getting bus factor score!
2023-02-12T12:33:52.047-0500	info	ECE461-project/pj.go:115	Getting license compatibility score...
2023-02-12T12:33:52.120-0500	info	ECE461-project/pj.go:117	Completed getting license compatibility score!
2023-02-12T12:33:52.169-0500	info	ECE461-project/pj.go:143	URL: https://github.com/browserify/browserify.git
2023-02-12T12:33:52.169-0500	info	ECE461-project/pj.go:96	Getting ramp-up score...
2023-02-12T12:34:14.005-0500	info	ECE461-project/pj.go:98	Completed getting ramp-up score!
2023-02-12T12:34:14.005-0500	info	ECE461-project/pj.go:103	Getting correctness score...
2023-02-12T12:34:14.097-0500	info	ECE461-project/pj.go:105	Completed correctness score!
2023-02-12T12:34:14.097-0500	info	ECE461-project/pj.go:107	Getting responseviness score...
2023-02-12T12:34:15.002-0500	info	ECE461-project/pj.go:109	Completed getting responseviness score!
2023-02-12T12:34:15.002-0500	info	ECE461-project/pj.go:111	Getting bus factor score...
2023-02-12T12:34:16.026-0500	info	ECE461-project/pj.go:113	Completed getting bus factor score!
2023-02-12T12:34:16.026-0500	info	ECE461-project/pj.go:115	Getting license compatibility score...
2023-02-12T12:34:16.107-0500	info	ECE461-project/pj.go:117	Completed getting license compatibility score!
